
ROM used:   5454/98304 (6%)
            5454/98304 (6%) including unused fragments

            1.9 Average locations per line
            9.2 Average locations per statement

RAM used:   68/3328 (2%) at main() level
            106/3328 (3%) worst case

Stack used: 11 worst case (6 in main + 5 for interrupts)
Stack size: 31

Lines Stmts  %   Files
----- ----- ---  -----
  472   212  36  main.c
   70     0   0  main.h
  106     0   0  config.h
  753     0   0  C:\Program Files (x86)\PICC\Devices\18F2685.h
  117     0   0  fsm.h
   52     0   0  motor.h
   60     0   0  sensors.h
   41     0   0  ultrasonic.h
  163     0   0  C:\Program Files (x86)\PICC\Drivers\stdint.h
   34     0   0  C:\Program Files (x86)\PICC\Drivers\stdbool.h
  203    56   9  sensors.c
  196    40   7  motor.c
  132    49   8  ultrasonic.c
  547   236  40  fsm.c
----- -----
 2946   593 Total

Page ROM  %  RAM   Vol Diff  Functions:
---- --- --- ---   --- ----  ----------
0     38   0    1             @delay_ms1
0     44   0    2   165  3.6  sensors_init
0     34   0    1   195  3.6  sensors_read_raw
0    102   1    3   409  6.3  sensors_chatter_filter
0     42   0    3             @DIV88
0      6   0    0    17  1.3  sensors_read_filtered
0      6   0    0    17  1.3  sensors_get_last_valid
0     28   0    1    72  2.4  sensors_is_valid_line
0     18   0    1    35  1.7  sensors_is_intersection
0     18   0    1    35  1.7  sensors_is_tjunction
0     16   0    1    35  1.7  sensors_is_lost
0     16   0    1    69  1.9  sensors_led_status
0     16   0    1    69  1.9  sensors_led_action
0     18   0    1    72  2.0  sensors_led_action_toggle
0     54   0    0             @const699
0     24   0    0    90  2.8  timer2_isr
0     50   0    0   152  1.8  motor_init
0     76   1    5   232  4.1  motor_set
0     44   0    2    49  2.3  motor_get_command
0     12   0    0    38  1.4  motor_stop
0     16   0    1    43  1.5  motor_forward
0     14   0    1    43  1.5  motor_reverse
0     62   1    3   102  2.1  motor_pivot_right
0     62   1    3   102  2.1  motor_pivot_left
0      6   0    0    21  0.9  motor_enable
0     24   0    0    33  0.9  motor_disable
0      8   0    0    21  0.9  ultrasonic_init
0     36   0    0    92  1.3  ultrasonic_trigger
0    198   2    6   475  5.4  ultrasonic_measure_pulse
0     66   1    5             @DIV1616
0     84   1    0   223  4.3  ultrasonic_read_cm
0    154   1    4   200  4.5  ultrasonic_read_mm
0     86   1   14             @MUL3232
0    142   1   13             @DIV3232
0    126   1    1  1082  3.9  fsm_transition
0     70   1    0             @goto11058
0     70   1    0             @goto11073
0      6   0    0    33  1.3  state_idle_entry
0     32   0    0    66  2.3  state_idle_update
0      2   0    0     5  1.0  state_idle_exit
0      6   0    0    33  1.3  state_follow_line_entry
0    488   4    8  1938 11.0  state_follow_line_update
0      2   0    0     5  1.0  state_follow_line_exit
0     14   0    0    38  1.4  state_station_entry
0     70   1    1   166  4.4  state_station_update
0      4   0    0    16  1.0  state_station_exit
0      6   0    0    25  1.1  state_station_stop_entry
0     82   1    4   145  3.1  state_station_stop_update
0      2   0    0     5  1.0  state_station_stop_exit
0     16   0    0    56  1.6  state_station_back_entry
0    116   1    2   294  5.5  state_station_back_update
0      4   0    0    16  1.0  state_station_back_exit
0     42   0    0   121  3.0  state_navigation_entry
0    112   1    6   259  5.0  state_navigation_update
0     16   0    0    48  1.1  state_navigation_exit
0     26   0    1    61  1.2  state_end_entry
0    110   1    4   123  3.0  state_end_update
0      2   0    0     5  1.0  state_end_exit
0      8   0    0    21  0.9  state_end_reverse_entry
0    100   1    2   174  2.7  state_end_reverse_update
0      4   0    0    16  1.0  state_end_reverse_exit
0      4   0    0    16  1.0  state_error_entry
0    156   1    8   233  5.4  state_error_update
0      8   0    0    21  0.9  state_error_exit
0      4   0    0    16  1.0  state_checkpoint_entry
0    330   3    1   779  4.8  state_checkpoint_update
0      2   0    0     5  1.0  state_checkpoint_exit
0     24   0    1    42  1.7  fsm_handle_error
0    276   3    2   242  3.2  fsm_save_checkpoint
0    152   1    0   771  6.0  timer0_isr
0    188   2    1   990  4.8  portb_change_isr
0     72   1    0   402  1.9  gpio_init
0     20   0    0    84  1.7  timers_init
0      6   0    0    16  1.0  pwm_init
0     14   0    0    72  1.2  interrupts_init
0    128   1    1   206  1.4  system_init
0      6   0    0    21  0.9  peripherals_grab_ball
0     32   0    1    92  1.3  peripherals_release_ball
0    408   4    0  1357  6.3  handle_checkpoint_buttons
0    290   3    0   693  4.7  MAIN
 Inline         0             @cinit1

Program metrics:
    Functions               72
    Statements              593
    Comments                1016
    Volume (V)              27879
    Difficulty (D)          185.8
    Effort to implement (E) 5179993
    Time to implement (T)   79 hours, 56 minutes
    Est Delivered Bugs (B)  10
    Cyclomatic Complexity   110
    Maintainability (MI)    83

 Segment     Used  Free
-----------  ----  ----
00000-00002     4  0  
00004-00006     4  0  
00008-000B4   174  0  
000B6-0FFFE  5272  60082  
10000-17FFE     0  32768  



